<?xml version="1.0" encoding="UTF-8"?>
<!-- Generated by org.testng.reporters.JUnitXMLReporter -->
<testsuite hostname="AIPL2345LT06246" ignored="0" name="Default test" tests="3" failures="0" timestamp="2020-08-04T12:45:38 IST" time="28.896" errors="0">
  <testcase name="login" time="4.304" classname="com.xpand.DemoTest"/>
  <testcase name="loginPageTitleTest" time="0.034" classname="com.xpand.DemoTest"/>
  <testcase name="verifyUrl" time="0.029" classname="com.xpand.DemoTest"/>
</testsuite> <!-- Default test -->
