<?xml version="1.0" encoding="UTF-8"?>
<testng-results skipped="0" failed="0" ignored="0" total="3" passed="3">
  <reporter-output>
  </reporter-output>
  <suite name="Default suite" duration-ms="28896" started-at="2020-08-04T12:45:09 IST" finished-at="2020-08-04T12:45:38 IST">
    <groups>
    </groups>
    <test name="Default test" duration-ms="28896" started-at="2020-08-04T12:45:09 IST" finished-at="2020-08-04T12:45:38 IST">
      <class name="com.xpand.DemoTest">
        <test-method status="PASS" signature="initialization()[pri:0, instance:com.xpand.DemoTest@2d6eabae]" name="initialization" is-config="true" duration-ms="22471" started-at="2020-08-04T12:45:09 IST" finished-at="2020-08-04T12:45:31 IST">
          <reporter-output>
          </reporter-output>
        </test-method> <!-- initialization -->
        <test-method status="PASS" signature="login()[pri:0, instance:com.xpand.DemoTest@2d6eabae]" name="login" duration-ms="4304" started-at="2020-08-04T12:45:31 IST" finished-at="2020-08-04T12:45:36 IST">
          <reporter-output>
          </reporter-output>
        </test-method> <!-- login -->
        <test-method status="PASS" signature="loginPageTitleTest()[pri:0, instance:com.xpand.DemoTest@2d6eabae]" name="loginPageTitleTest" duration-ms="34" started-at="2020-08-04T12:45:36 IST" finished-at="2020-08-04T12:45:36 IST">
          <reporter-output>
          </reporter-output>
        </test-method> <!-- loginPageTitleTest -->
        <test-method status="PASS" signature="verifyUrl()[pri:0, instance:com.xpand.DemoTest@2d6eabae]" name="verifyUrl" duration-ms="29" started-at="2020-08-04T12:45:36 IST" finished-at="2020-08-04T12:45:36 IST">
          <reporter-output>
          </reporter-output>
        </test-method> <!-- verifyUrl -->
        <test-method status="PASS" signature="tearDown()[pri:0, instance:com.xpand.DemoTest@2d6eabae]" name="tearDown" is-config="true" duration-ms="1869" started-at="2020-08-04T12:45:36 IST" finished-at="2020-08-04T12:45:38 IST">
          <reporter-output>
          </reporter-output>
        </test-method> <!-- tearDown -->
      </class> <!-- com.xpand.DemoTest -->
    </test> <!-- Default test -->
  </suite> <!-- Default suite -->
</testng-results>
