<?xml version="1.0" encoding="UTF-8"?>
<testng-results skipped="0" failed="0" ignored="0" total="1" passed="1">
  <reporter-output>
  </reporter-output>
  <suite name="Default suite" duration-ms="17681" started-at="2020-07-21T16:27:38 IST" finished-at="2020-07-21T16:27:56 IST">
    <groups>
    </groups>
    <test name="Default test" duration-ms="17681" started-at="2020-07-21T16:27:38 IST" finished-at="2020-07-21T16:27:56 IST">
      <class name="com.xpand.DemoTest">
        <test-method status="PASS" signature="loginPageTitleTest()[pri:0, instance:com.xpand.DemoTest@1c3a4799]" name="loginPageTitleTest" duration-ms="17619" started-at="2020-07-21T16:27:38 IST" finished-at="2020-07-21T16:27:56 IST">
          <reporter-output>
          </reporter-output>
        </test-method> <!-- loginPageTitleTest -->
      </class> <!-- com.xpand.DemoTest -->
    </test> <!-- Default test -->
  </suite> <!-- Default suite -->
</testng-results>
